<?xml version="1.0" encoding="UTF-8"?>
<!-- Generated by org.testng.reporters.JUnitXMLReporter -->
<testsuite ignored="0" hostname="ICS-LT-C96RQ73" failures="0" tests="50" name="Default test" time="16.775" errors="0" timestamp="2024-02-23T10:41:57 IST">
  <testcase classname="Infinite.TestNG.testCaseRetry" name="@AfterTest AfterTest" time="0.062">
    <failure type="org.openqa.selenium.NoSuchSessionException" message="invalid session id
Build info: version: &amp;apos;4.17.0&amp;apos;, revision: &amp;apos;e52b1be057*&amp;apos;
System info: os.name: &amp;apos;Windows 10&amp;apos;, os.arch: &amp;apos;amd64&amp;apos;, os.version: &amp;apos;10.0&amp;apos;, java.version: &amp;apos;21.0.1&amp;apos;
Driver info: org.openqa.selenium.chrome.ChromeDriver
Command: [a61dddefabda7cb8fc559b82be2b080a, close {}]
Capabilities {acceptInsecureCerts: false, browserName: chrome, browserVersion: 121.0.6167.187, chrome: {chromedriverVersion: 121.0.6167.184 (057a8ae7deb..., userDataDir: C:\Users\ranjuh\AppData\Loc...}, fedcm:accounts: true, goog:chromeOptions: {debuggerAddress: localhost:58450}, networkConnectionEnabled: false, pageLoadStrategy: normal, platformName: windows, proxy: Proxy(), se:cdp: ws://localhost:58450/devtoo..., se:cdpVersion: 121.0.6167.187, setWindowRect: true, strictFileInteractability: false, timeouts: {implicit: 0, pageLoad: 300000, script: 30000}, unhandledPromptBehavior: dismiss and notify, webauthn:extension:credBlob: true, webauthn:extension:largeBlob: true, webauthn:extension:minPinLength: true, webauthn:extension:prf: true, webauthn:virtualAuthenticators: true}
Session ID: a61dddefabda7cb8fc559b82be2b080a">
      <![CDATA[org.openqa.selenium.NoSuchSessionException: invalid session id
Build info: version: '4.17.0', revision: 'e52b1be057*'
System info: os.name: 'Windows 10', os.arch: 'amd64', os.version: '10.0', java.version: '21.0.1'
Driver info: org.openqa.selenium.chrome.ChromeDriver
Command: [a61dddefabda7cb8fc559b82be2b080a, close {}]
Capabilities {acceptInsecureCerts: false, browserName: chrome, browserVersion: 121.0.6167.187, chrome: {chromedriverVersion: 121.0.6167.184 (057a8ae7deb..., userDataDir: C:\Users\ranjuh\AppData\Loc...}, fedcm:accounts: true, goog:chromeOptions: {debuggerAddress: localhost:58450}, networkConnectionEnabled: false, pageLoadStrategy: normal, platformName: windows, proxy: Proxy(), se:cdp: ws://localhost:58450/devtoo..., se:cdpVersion: 121.0.6167.187, setWindowRect: true, strictFileInteractability: false, timeouts: {implicit: 0, pageLoad: 300000, script: 30000}, unhandledPromptBehavior: dismiss and notify, webauthn:extension:credBlob: true, webauthn:extension:largeBlob: true, webauthn:extension:minPinLength: true, webauthn:extension:prf: true, webauthn:virtualAuthenticators: true}
Session ID: a61dddefabda7cb8fc559b82be2b080a
at java.base/jdk.internal.reflect.DirectConstructorHandleAccessor.newInstance(DirectConstructorHandleAccessor.java:62)
at java.base/java.lang.reflect.Constructor.newInstanceWithCaller(Constructor.java:502)
at java.base/java.lang.reflect.Constructor.newInstance(Constructor.java:486)
at org.openqa.selenium.remote.codec.w3c.W3CHttpResponseCodec.createException(W3CHttpResponseCodec.java:185)
at org.openqa.selenium.remote.codec.w3c.W3CHttpResponseCodec.decode(W3CHttpResponseCodec.java:134)
at org.openqa.selenium.remote.codec.w3c.W3CHttpResponseCodec.decode(W3CHttpResponseCodec.java:51)
at org.openqa.selenium.remote.HttpCommandExecutor.execute(HttpCommandExecutor.java:190)
at org.openqa.selenium.remote.service.DriverCommandExecutor.invokeExecute(DriverCommandExecutor.java:216)
at org.openqa.selenium.remote.service.DriverCommandExecutor.execute(DriverCommandExecutor.java:174)
at org.openqa.selenium.remote.RemoteWebDriver.execute(RemoteWebDriver.java:519)
at org.openqa.selenium.remote.RemoteWebDriver.execute(RemoteWebDriver.java:592)
at org.openqa.selenium.remote.RemoteWebDriver.execute(RemoteWebDriver.java:596)
at org.openqa.selenium.remote.RemoteWebDriver.close(RemoteWebDriver.java:406)
at Infinite.TestNG.testCaseRetry.AfterTest(testCaseRetry.java:52)
at java.base/jdk.internal.reflect.DirectMethodHandleAccessor.invoke(DirectMethodHandleAccessor.java:103)
at java.base/java.lang.reflect.Method.invoke(Method.java:580)
at org.testng.internal.invokers.MethodInvocationHelper.invokeMethod(MethodInvocationHelper.java:139)
at org.testng.internal.invokers.MethodInvocationHelper.invokeMethodConsideringTimeout(MethodInvocationHelper.java:69)
at org.testng.internal.invokers.ConfigInvoker.invokeConfigurationMethod(ConfigInvoker.java:393)
at org.testng.internal.invokers.ConfigInvoker.invokeConfigurations(ConfigInvoker.java:326)
at org.testng.TestRunner.invokeTestConfigurations(TestRunner.java:661)
at org.testng.TestRunner.afterRun(TestRunner.java:904)
at org.testng.TestRunner.run(TestRunner.java:622)
at org.testng.SuiteRunner.runTest(SuiteRunner.java:443)
at org.testng.SuiteRunner.runSequentially(SuiteRunner.java:437)
at org.testng.SuiteRunner.privateRun(SuiteRunner.java:397)
at org.testng.SuiteRunner.run(SuiteRunner.java:336)
at org.testng.SuiteRunnerWorker.runSuite(SuiteRunnerWorker.java:52)
at org.testng.SuiteRunnerWorker.run(SuiteRunnerWorker.java:95)
at org.testng.TestNG.runSuitesSequentially(TestNG.java:1301)
at org.testng.TestNG.runSuitesLocally(TestNG.java:1228)
at org.testng.TestNG.runSuites(TestNG.java:1134)
at org.testng.TestNG.run(TestNG.java:1101)
at org.testng.remote.AbstractRemoteTestNG.run(AbstractRemoteTestNG.java:115)
at org.testng.remote.RemoteTestNG.initAndRun(RemoteTestNG.java:251)
at org.testng.remote.RemoteTestNG.main(RemoteTestNG.java:77)
]]>
    </failure>
  </testcase> <!-- @AfterTest AfterTest -->
  <testcase classname="Infinite.TestNG.testCaseRetry" name="Test" time="0.281">
    <skipped/>
  </testcase> <!-- Test -->
  <testcase classname="Infinite.TestNG.testCaseRetry" name="Test" time="0.109">
    <skipped/>
  </testcase> <!-- Test -->
  <testcase classname="Infinite.TestNG.testCaseRetry" name="Test" time="0.11">
    <skipped/>
  </testcase> <!-- Test -->
  <testcase classname="Infinite.TestNG.testCaseRetry" name="Test" time="0.107">
    <skipped/>
  </testcase> <!-- Test -->
  <testcase classname="Infinite.TestNG.testCaseRetry" name="Test" time="0.119">
    <skipped/>
  </testcase> <!-- Test -->
  <testcase classname="Infinite.TestNG.testCaseRetry" name="Test" time="0.108">
    <skipped/>
  </testcase> <!-- Test -->
  <testcase classname="Infinite.TestNG.testCaseRetry" name="Test" time="0.11">
    <skipped/>
  </testcase> <!-- Test -->
  <testcase classname="Infinite.TestNG.testCaseRetry" name="Test" time="0.107">
    <skipped/>
  </testcase> <!-- Test -->
  <testcase classname="Infinite.TestNG.testCaseRetry" name="Test" time="0.104">
    <skipped/>
  </testcase> <!-- Test -->
  <testcase classname="Infinite.TestNG.testCaseRetry" name="Test" time="0.102">
    <skipped/>
  </testcase> <!-- Test -->
  <testcase classname="Infinite.TestNG.testCaseRetry" name="Test" time="0.118">
    <skipped/>
  </testcase> <!-- Test -->
  <testcase classname="Infinite.TestNG.testCaseRetry" name="Test" time="0.106">
    <skipped/>
  </testcase> <!-- Test -->
  <testcase classname="Infinite.TestNG.testCaseRetry" name="Test" time="0.098">
    <skipped/>
  </testcase> <!-- Test -->
  <testcase classname="Infinite.TestNG.testCaseRetry" name="Test" time="0.094">
    <skipped/>
  </testcase> <!-- Test -->
  <testcase classname="Infinite.TestNG.testCaseRetry" name="Test" time="0.098">
    <skipped/>
  </testcase> <!-- Test -->
  <testcase classname="Infinite.TestNG.testCaseRetry" name="Test" time="0.089">
    <skipped/>
  </testcase> <!-- Test -->
  <testcase classname="Infinite.TestNG.testCaseRetry" name="Test" time="0.096">
    <skipped/>
  </testcase> <!-- Test -->
  <testcase classname="Infinite.TestNG.testCaseRetry" name="Test" time="0.097">
    <skipped/>
  </testcase> <!-- Test -->
  <testcase classname="Infinite.TestNG.testCaseRetry" name="Test" time="0.089">
    <skipped/>
  </testcase> <!-- Test -->
  <testcase classname="Infinite.TestNG.testCaseRetry" name="Test" time="0.107">
    <skipped/>
  </testcase> <!-- Test -->
  <testcase classname="Infinite.TestNG.testCaseRetry" name="Test" time="0.102">
    <skipped/>
  </testcase> <!-- Test -->
  <testcase classname="Infinite.TestNG.testCaseRetry" name="Test" time="0.103">
    <skipped/>
  </testcase> <!-- Test -->
  <testcase classname="Infinite.TestNG.testCaseRetry" name="Test" time="0.088">
    <skipped/>
  </testcase> <!-- Test -->
  <testcase classname="Infinite.TestNG.testCaseRetry" name="Test" time="0.096">
    <skipped/>
  </testcase> <!-- Test -->
  <testcase classname="Infinite.TestNG.testCaseRetry" name="Test" time="0.099">
    <skipped/>
  </testcase> <!-- Test -->
  <testcase classname="Infinite.TestNG.testCaseRetry" name="Test" time="0.09">
    <skipped/>
  </testcase> <!-- Test -->
  <testcase classname="Infinite.TestNG.testCaseRetry" name="Test" time="0.094">
    <skipped/>
  </testcase> <!-- Test -->
  <testcase classname="Infinite.TestNG.testCaseRetry" name="Test" time="0.098">
    <skipped/>
  </testcase> <!-- Test -->
  <testcase classname="Infinite.TestNG.testCaseRetry" name="Test" time="0.089">
    <skipped/>
  </testcase> <!-- Test -->
  <testcase classname="Infinite.TestNG.testCaseRetry" name="Test" time="0.088">
    <skipped/>
  </testcase> <!-- Test -->
  <testcase classname="Infinite.TestNG.testCaseRetry" name="Test" time="0.1">
    <skipped/>
  </testcase> <!-- Test -->
  <testcase classname="Infinite.TestNG.testCaseRetry" name="Test" time="0.098">
    <skipped/>
  </testcase> <!-- Test -->
  <testcase classname="Infinite.TestNG.testCaseRetry" name="Test" time="0.087">
    <skipped/>
  </testcase> <!-- Test -->
  <testcase classname="Infinite.TestNG.testCaseRetry" name="Test" time="0.106">
    <skipped/>
  </testcase> <!-- Test -->
  <testcase classname="Infinite.TestNG.testCaseRetry" name="Test" time="0.087">
    <skipped/>
  </testcase> <!-- Test -->
  <testcase classname="Infinite.TestNG.testCaseRetry" name="Test" time="0.09">
    <skipped/>
  </testcase> <!-- Test -->
  <testcase classname="Infinite.TestNG.testCaseRetry" name="Test" time="0.092">
    <skipped/>
  </testcase> <!-- Test -->
  <testcase classname="Infinite.TestNG.testCaseRetry" name="Test" time="0.091">
    <skipped/>
  </testcase> <!-- Test -->
  <testcase classname="Infinite.TestNG.testCaseRetry" name="Test" time="0.096">
    <skipped/>
  </testcase> <!-- Test -->
  <testcase classname="Infinite.TestNG.testCaseRetry" name="Test" time="0.091">
    <skipped/>
  </testcase> <!-- Test -->
  <testcase classname="Infinite.TestNG.testCaseRetry" name="Test" time="0.1">
    <skipped/>
  </testcase> <!-- Test -->
  <testcase classname="Infinite.TestNG.testCaseRetry" name="Test" time="0.117">
    <skipped/>
  </testcase> <!-- Test -->
  <testcase classname="Infinite.TestNG.testCaseRetry" name="Test" time="0.094">
    <skipped/>
  </testcase> <!-- Test -->
  <testcase classname="Infinite.TestNG.testCaseRetry" name="Test" time="0.089">
    <skipped/>
  </testcase> <!-- Test -->
  <testcase classname="Infinite.TestNG.testCaseRetry" name="Test" time="0.095">
    <skipped/>
  </testcase> <!-- Test -->
  <testcase classname="Infinite.TestNG.testCaseRetry" name="Test" time="0.091">
    <skipped/>
  </testcase> <!-- Test -->
  <testcase classname="Infinite.TestNG.testCaseRetry" name="Test" time="0.092">
    <skipped/>
  </testcase> <!-- Test -->
  <testcase classname="Infinite.TestNG.testCaseRetry" name="Test" time="0.099">
    <skipped/>
  </testcase> <!-- Test -->
  <testcase classname="Infinite.TestNG.testCaseRetry" name="Test" time="0.098">
    <skipped/>
  </testcase> <!-- Test -->
  <testcase classname="Infinite.TestNG.testCaseRetry" name="Test" time="9.205"/>
</testsuite> <!-- Default test -->
