<?xml version="1.0" encoding="UTF-8"?>
<!-- Generated by org.testng.reporters.JUnitXMLReporter -->
<testsuite ignored="0" hostname="ICS-LT-C96RQ73" failures="3" tests="3" name="OrangeHRM" time="0.06" errors="0" timestamp="2024-02-21T12:28:27 IST">
  <testcase classname="Infinite.TestNG.TestClass" name="PageLoad" time="0.015">
    <failure type="java.lang.NullPointerException" message="Cannot invoke &amp;quot;org.openqa.selenium.firefox.FirefoxDriver.get(String)&amp;quot; because &amp;quot;this.driver&amp;quot; is null">
      <![CDATA[java.lang.NullPointerException: Cannot invoke "org.openqa.selenium.firefox.FirefoxDriver.get(String)" because "this.driver" is null
at Infinite.TestNG.TestClass.PageLoad(TestClass.java:29)
at java.base/java.util.ArrayList.forEach(ArrayList.java:1596)
... Removed 25 stack frames]]>
    </failure>
  </testcase> <!-- PageLoad -->
  <testcase classname="Infinite.TestNG.TestClass" name="EnterCredentials" time="0.001">
    <failure type="java.lang.NullPointerException" message="Cannot invoke &amp;quot;org.openqa.selenium.firefox.FirefoxDriver.get(String)&amp;quot; because &amp;quot;this.driver&amp;quot; is null">
      <![CDATA[java.lang.NullPointerException: Cannot invoke "org.openqa.selenium.firefox.FirefoxDriver.get(String)" because "this.driver" is null
at Infinite.TestNG.TestClass.EnterCredentials(TestClass.java:42)
at java.base/java.util.ArrayList.forEach(ArrayList.java:1596)
... Removed 25 stack frames]]>
    </failure>
  </testcase> <!-- EnterCredentials -->
  <testcase classname="Infinite.TestNG.TestClass" name="instanceClose" time="0.001">
    <failure type="java.lang.NullPointerException" message="Cannot invoke &amp;quot;org.openqa.selenium.firefox.FirefoxDriver.close()&amp;quot; because &amp;quot;this.driver&amp;quot; is null">
      <![CDATA[java.lang.NullPointerException: Cannot invoke "org.openqa.selenium.firefox.FirefoxDriver.close()" because "this.driver" is null
at Infinite.TestNG.TestClass.instanceClose(TestClass.java:66)
at java.base/java.util.ArrayList.forEach(ArrayList.java:1596)
... Removed 25 stack frames]]>
    </failure>
  </testcase> <!-- instanceClose -->
</testsuite> <!-- OrangeHRM -->
