<?xml version="1.0" encoding="UTF-8"?>
<!-- Generated by org.testng.reporters.JUnitXMLReporter -->
<testsuite ignored="0" hostname="ICS-LT-C96RQ73" failures="0" tests="4" name="TestGoogle" time="26.815" errors="0" timestamp="2024-02-21T17:06:28 IST">
  <testcase classname="Infinite.TestNG.Admin" name="GoogleCheck" time="7.159"/>
  <testcase classname="Infinite.TestNG.Admin" name="GoogleCheck2" time="6.76"/>
  <testcase classname="Infinite.TestNG.Admin" name="GoogleCheck3" time="6.568"/>
  <testcase classname="Infinite.TestNG.Admin" name="GoogleCheck4" time="6.249"/>
</testsuite> <!-- TestGoogle -->
