<?xml version="1.0" encoding="UTF-8"?>
<!-- Generated by org.testng.reporters.JUnitXMLReporter -->
<testsuite ignored="0" hostname="ICS-LT-C96RQ73" failures="0" tests="3" name="Test" time="13.499" errors="0" timestamp="2024-02-20T15:04:01 IST">
  <testcase classname="Infinite.TestNG.TestClass" name="PageLoad" time="8.62"/>
  <testcase classname="Infinite.TestNG.TestClass" name="EnterCredentials" time="3.64"/>
  <testcase classname="Infinite.TestNG.TestClass" name="instanceClose" time="1.189"/>
</testsuite> <!-- Test -->
